---------------------
id:3 color:1 pos:14 l 1
id:9 color:1 pos:44 l 2
id:9 color:1 pos:47 r 3
id:11 color:0 pos:56 l 4
id:3 color:1 pos:56 r 5
id:7 color:0 pos:58 l 6
id:6 color:0 pos:63 l 7
id:4 color:1 pos:65 l 8
id:6 color:0 pos:71 r 9
id:4 color:1 pos:72 r 10
id:10 color:1 pos:75 l 11
id:2 color:1 pos:76 l 12
id:5 color:1 pos:81 l 13
id:14 color:1 pos:82 l 14
id:1 color:0 pos:82 l 15
id:10 color:1 pos:84 r 16
id:14 color:1 pos:84 r 17
id:5 color:1 pos:87 r 18
id:13 color:1 pos:87 l 19
id:13 color:1 pos:90 r 20
id:7 color:0 pos:91 r 21
id:11 color:0 pos:96 r 22
id:8 color:0 pos:98 l 23
id:2 color:1 pos:98 r 24
id:8 color:0 pos:99 r 25
id:1 color:0 pos:99 r 26
id:12 color:0 pos:100 r 27
id:12 color:0 pos:100 l 28
---------------------
push seg{3,14,l}1 to q[1]
push seg{9,44,l}2 to q[1]
lazy del 9
push seg{11,56,l}4 to q[0]
---------------------
pop seg{3,14,l}1 merge:11 3
id:3 color:1 pos:14 l 
--q: [2 ]-- 1
---------------------
pop seg{9,44,l}2 merge:NO
id:9 color:1 pos:44 l 
--q: [2 ]-- 1
lazy del 3
push seg{7,58,l}6 to q[0]
---------------------
pop seg{9,44,l}2 merge:NO
id:9 color:1 pos:44 l 
--q: [2 ]-- 1
push seg{6,63,l}7 to q[0]
---------------------
pop seg{9,44,l}2 merge:NO
id:9 color:1 pos:44 l 
--q: [2 ]-- 1
push seg{4,65,l}8 to q[1]
---------------------
pop seg{11,56,l}4 merge:4 11
id:11 color:0 pos:56 l 
--q: [6 7 ]-- 0
---------------------
pop seg{7,58,l}6 merge:4 7
id:7 color:0 pos:58 l 
--q: [7 ]-- 0
---------------------
pop seg{6,63,l}7 merge:4 6
id:6 color:0 pos:63 l 
--q: [7 ]-- 0
lazy del 6
lazy del 4
push seg{10,75,l}11 to q[1]
---------------------
pop seg{6,63,l}7 merge:NO
id:6 color:0 pos:63 l 
--q: [7 ]-- 0
push seg{2,76,l}12 to q[1]
---------------------
pop seg{6,63,l}7 merge:NO
id:6 color:0 pos:63 l 
--q: [7 ]-- 0
push seg{5,81,l}13 to q[1]
---------------------
pop seg{6,63,l}7 merge:NO
id:6 color:0 pos:63 l 
--q: [7 ]-- 0
push seg{14,82,l}14 to q[1]
---------------------
pop seg{6,63,l}7 merge:NO
id:6 color:0 pos:63 l 
--q: [7 ]-- 0
push seg{1,82,l}15 to q[0]
---------------------
pop seg{9,44,l}2 merge:NO
id:9 color:1 pos:44 l 
--q: [8 11 12 13 14 ]-- 1
---------------------
pop seg{4,65,l}8 merge:NO
id:4 color:1 pos:65 l 
--q: [11 12 13 14 ]-- 1
---------------------
pop seg{10,75,l}11 merge:1 10
id:10 color:1 pos:75 l 
--q: [12 13 14 ]-- 1
---------------------
pop seg{2,76,l}12 merge:1 2
id:2 color:1 pos:76 l 
--q: [13 14 ]-- 1
---------------------
pop seg{5,81,l}13 merge:1 5
id:5 color:1 pos:81 l 
--q: [14 ]-- 1
---------------------
pop seg{14,82,l}14 merge:1 14
id:14 color:1 pos:82 l 
--q: [14 ]-- 1
lazy del 10
lazy del 14
lazy del 5
push seg{13,87,l}19 to q[1]
---------------------
pop seg{6,63,l}7 merge:NO
id:6 color:0 pos:63 l 
--q: [15 ]-- 0
---------------------
pop seg{1,82,l}15 merge:13 1
id:1 color:0 pos:82 l 
--q: [15 ]-- 0
lazy del 13
lazy del 7
lazy del 11
push seg{8,98,l}23 to q[0]
---------------------
pop seg{14,82,l}14 merge:NO
id:14 color:1 pos:82 l 
--q: [19 ]-- 1
---------------------
pop seg{13,87,l}19 merge:NO
id:13 color:1 pos:87 l 
--q: [19 ]-- 1
lazy del 2
lazy del 8
lazy del 1
lazy del 12
push seg{12,100,l}28 to q[0]
---------------------
pop seg{13,87,l}19 merge:NO
id:13 color:1 pos:87 l 
--q: [19 ]-- 1
5
